<?xml version="1.0" encoding="UTF-8"?>
<testng-results ignored="0" total="1" passed="1" failed="0" skipped="0">
  <reporter-output>
  </reporter-output>
  <suite started-at="2023-03-25T09:13:17 PDT" name="Default suite" finished-at="2023-03-25T09:13:28 PDT" duration-ms="11163">
    <groups>
    </groups>
    <test started-at="2023-03-25T09:13:17 PDT" name="Default test" finished-at="2023-03-25T09:13:28 PDT" duration-ms="11163">
      <class name="learningtestng.MoreAutomation">
        <test-method is-config="true" signature="setup()[pri:0, instance:learningtestng.MoreAutomation@cb0755b]" started-at="2023-03-25T09:13:17 PDT" name="setup" finished-at="2023-03-25T09:13:26 PDT" duration-ms="8967" status="PASS">
          <reporter-output>
          </reporter-output>
        </test-method> <!-- setup -->
        <test-method signature="loginWithValidCredentials()[pri:0, instance:learningtestng.MoreAutomation@cb0755b]" started-at="2023-03-25T09:13:26 PDT" name="loginWithValidCredentials" finished-at="2023-03-25T09:13:28 PDT" duration-ms="2113" status="PASS">
          <reporter-output>
          </reporter-output>
        </test-method> <!-- loginWithValidCredentials -->
      </class> <!-- learningtestng.MoreAutomation -->
    </test> <!-- Default test -->
  </suite> <!-- Default suite -->
</testng-results>
